Simulator report for mimasuo
Sun Jan 29 17:01:23 2023
Quartus II 64-Bit Version 9.1 Build 350 03/24/2010 Service Pack 2 SJ Full Version


---------------------
; Table of Contents ;
---------------------
  1. Legal Notice
  2. Simulator Summary
  3. Simulator Settings
  4. Simulation Waveforms
  5. Coverage Summary
  6. Complete 1/0-Value Coverage
  7. Missing 1-Value Coverage
  8. Missing 0-Value Coverage
  9. Simulator INI Usage
 10. Simulator Messages



----------------
; Legal Notice ;
----------------
Copyright (C) 1991-2010 Altera Corporation
Your use of Altera Corporation's design tools, logic functions 
and other software and tools, and its AMPP partner logic 
functions, and any output files from any of the foregoing 
(including device programming or simulation files), and any 
associated documentation or information are expressly subject 
to the terms and conditions of the Altera Program License 
Subscription Agreement, Altera MegaCore Function License 
Agreement, or other applicable license agreement, including, 
without limitation, that your use is for the sole purpose of 
programming logic devices manufactured by Altera and sold by 
Altera or its authorized distributors.  Please refer to the 
applicable agreement for further details.



+--------------------------------------------+
; Simulator Summary                          ;
+-----------------------------+--------------+
; Type                        ; Value        ;
+-----------------------------+--------------+
; Simulation Start Time       ; 0 ps         ;
; Simulation End Time         ; 1.0 us       ;
; Simulation Netlist Size     ; 188 nodes    ;
; Simulation Coverage         ;      77.66 % ;
; Total Number of Transitions ; 590          ;
; Simulation Breakpoints      ; 0            ;
; Family                      ; Cyclone III  ;
+-----------------------------+--------------+


+-------------------------------------------------------------------------------------------------------------------------+
; Simulator Settings                                                                                                      ;
+--------------------------------------------------------------------------------------------+------------+---------------+
; Option                                                                                     ; Setting    ; Default Value ;
+--------------------------------------------------------------------------------------------+------------+---------------+
; Simulation mode                                                                            ; Functional ; Timing        ;
; Start time                                                                                 ; 0 ns       ; 0 ns          ;
; Simulation results format                                                                  ; CVWF       ;               ;
; Vector input source                                                                        ; wave.vwf   ;               ;
; Add pins automatically to simulation output waveforms                                      ; On         ; On            ;
; Check outputs                                                                              ; Off        ; Off           ;
; Report simulation coverage                                                                 ; On         ; On            ;
; Display complete 1/0 value coverage report                                                 ; On         ; On            ;
; Display missing 1-value coverage report                                                    ; On         ; On            ;
; Display missing 0-value coverage report                                                    ; On         ; On            ;
; Detect setup and hold time violations                                                      ; Off        ; Off           ;
; Detect glitches                                                                            ; Off        ; Off           ;
; Disable timing delays in Timing Simulation                                                 ; Off        ; Off           ;
; Generate Signal Activity File                                                              ; Off        ; Off           ;
; Generate VCD File for PowerPlay Power Analyzer                                             ; Off        ; Off           ;
; Group bus channels in simulation results                                                   ; Off        ; Off           ;
; Preserve fewer signal transitions to reduce memory requirements                            ; On         ; On            ;
; Trigger vector comparison with the specified mode                                          ; INPUT_EDGE ; INPUT_EDGE    ;
; Disable setup and hold time violations detection in input registers of bi-directional pins ; Off        ; Off           ;
; Overwrite Waveform Inputs With Simulation Outputs                                          ; On         ;               ;
; Perform Glitch Filtering in Timing Simulation                                              ; Auto       ; Auto          ;
; Interconnect Delay Model Type                                                              ; Transport  ; Transport     ;
; Cell Delay Model Type                                                                      ; Transport  ; Transport     ;
+--------------------------------------------------------------------------------------------+------------+---------------+


+----------------------+
; Simulation Waveforms ;
+----------------------+
Waveform report data cannot be output to ASCII.
Please use Quartus II 64-Bit to view the waveform report data.


+--------------------------------------------------------------------+
; Coverage Summary                                                   ;
+-----------------------------------------------------+--------------+
; Type                                                ; Value        ;
+-----------------------------------------------------+--------------+
; Total coverage as a percentage                      ;      77.66 % ;
; Total nodes checked                                 ; 188          ;
; Total output ports checked                          ; 188          ;
; Total output ports with complete 1/0-value coverage ; 146          ;
; Total output ports with no 1/0-value coverage       ; 42           ;
; Total output ports with no 1-value coverage         ; 42           ;
; Total output ports with no 0-value coverage         ; 42           ;
+-----------------------------------------------------+--------------+


The following table displays output ports that toggle between 1 and 0 during simulation.
+--------------------------------------------------------------------------------------------------------------------------------------------------------------------------------+
; Complete 1/0-Value Coverage                                                                                                                                                    ;
+------------------------------------------------------------------------------+------------------------------------------------------------------------------+------------------+
; Node Name                                                                    ; Output Port Name                                                             ; Output Port Type ;
+------------------------------------------------------------------------------+------------------------------------------------------------------------------+------------------+
; |block|sel1                                                                  ; |block|sel1                                                                  ; pin_out          ;
; |block|CLK                                                                   ; |block|CLK                                                                   ; out              ;
; |block|sel2                                                                  ; |block|sel2                                                                  ; pin_out          ;
; |block|sel3                                                                  ; |block|sel3                                                                  ; pin_out          ;
; |block|sel4                                                                  ; |block|sel4                                                                  ; pin_out          ;
; |block|led[7]                                                                ; |block|led[7]                                                                ; pin_out          ;
; |block|led[5]                                                                ; |block|led[5]                                                                ; pin_out          ;
; |block|led[4]                                                                ; |block|led[4]                                                                ; pin_out          ;
; |block|led[3]                                                                ; |block|led[3]                                                                ; pin_out          ;
; |block|led[2]                                                                ; |block|led[2]                                                                ; pin_out          ;
; |block|led[1]                                                                ; |block|led[1]                                                                ; pin_out          ;
; |block|sm_display:inst3|n~0                                                  ; |block|sm_display:inst3|n~0                                                  ; out              ;
; |block|sm_display:inst3|n~1                                                  ; |block|sm_display:inst3|n~1                                                  ; out              ;
; |block|sm_display:inst3|n[0]                                                 ; |block|sm_display:inst3|n[0]                                                 ; regout           ;
; |block|sm_display:inst3|n[1]                                                 ; |block|sm_display:inst3|n[1]                                                 ; regout           ;
; |block|sm_display:inst3|LessThan0~0                                          ; |block|sm_display:inst3|LessThan0~0                                          ; out0             ;
; |block|sm_display:inst3|LessThan0~1                                          ; |block|sm_display:inst3|LessThan0~1                                          ; out0             ;
; |block|sm_display:inst3|Add0~0                                               ; |block|sm_display:inst3|Add0~0                                               ; out0             ;
; |block|sm_display:inst3|lpm_mux:Mux7|mux_7qc:auto_generated|_~0              ; |block|sm_display:inst3|lpm_mux:Mux7|mux_7qc:auto_generated|_~0              ; out0             ;
; |block|sm_display:inst3|lpm_mux:Mux7|mux_7qc:auto_generated|_~1              ; |block|sm_display:inst3|lpm_mux:Mux7|mux_7qc:auto_generated|_~1              ; out0             ;
; |block|sm_display:inst3|lpm_mux:Mux7|mux_7qc:auto_generated|_~3              ; |block|sm_display:inst3|lpm_mux:Mux7|mux_7qc:auto_generated|_~3              ; out0             ;
; |block|sm_display:inst3|lpm_mux:Mux7|mux_7qc:auto_generated|_~6              ; |block|sm_display:inst3|lpm_mux:Mux7|mux_7qc:auto_generated|_~6              ; out0             ;
; |block|sm_display:inst3|lpm_mux:Mux7|mux_7qc:auto_generated|_~7              ; |block|sm_display:inst3|lpm_mux:Mux7|mux_7qc:auto_generated|_~7              ; out0             ;
; |block|sm_display:inst3|lpm_mux:Mux7|mux_7qc:auto_generated|_~8              ; |block|sm_display:inst3|lpm_mux:Mux7|mux_7qc:auto_generated|_~8              ; out0             ;
; |block|sm_display:inst3|lpm_mux:Mux7|mux_7qc:auto_generated|result_node[0]~0 ; |block|sm_display:inst3|lpm_mux:Mux7|mux_7qc:auto_generated|result_node[0]~0 ; out0             ;
; |block|sm_display:inst3|lpm_mux:Mux7|mux_7qc:auto_generated|_~9              ; |block|sm_display:inst3|lpm_mux:Mux7|mux_7qc:auto_generated|_~9              ; out0             ;
; |block|sm_display:inst3|lpm_mux:Mux7|mux_7qc:auto_generated|_~11             ; |block|sm_display:inst3|lpm_mux:Mux7|mux_7qc:auto_generated|_~11             ; out0             ;
; |block|sm_display:inst3|lpm_mux:Mux7|mux_7qc:auto_generated|_~14             ; |block|sm_display:inst3|lpm_mux:Mux7|mux_7qc:auto_generated|_~14             ; out0             ;
; |block|sm_display:inst3|lpm_mux:Mux7|mux_7qc:auto_generated|_~15             ; |block|sm_display:inst3|lpm_mux:Mux7|mux_7qc:auto_generated|_~15             ; out0             ;
; |block|sm_display:inst3|lpm_mux:Mux7|mux_7qc:auto_generated|_~16             ; |block|sm_display:inst3|lpm_mux:Mux7|mux_7qc:auto_generated|_~16             ; out0             ;
; |block|sm_display:inst3|lpm_mux:Mux7|mux_7qc:auto_generated|result_node[0]~1 ; |block|sm_display:inst3|lpm_mux:Mux7|mux_7qc:auto_generated|result_node[0]~1 ; out0             ;
; |block|sm_display:inst3|lpm_mux:Mux7|mux_7qc:auto_generated|result_node[0]   ; |block|sm_display:inst3|lpm_mux:Mux7|mux_7qc:auto_generated|result_node[0]   ; out0             ;
; |block|sm_display:inst3|lpm_mux:Mux6|mux_7qc:auto_generated|_~0              ; |block|sm_display:inst3|lpm_mux:Mux6|mux_7qc:auto_generated|_~0              ; out0             ;
; |block|sm_display:inst3|lpm_mux:Mux6|mux_7qc:auto_generated|_~1              ; |block|sm_display:inst3|lpm_mux:Mux6|mux_7qc:auto_generated|_~1              ; out0             ;
; |block|sm_display:inst3|lpm_mux:Mux6|mux_7qc:auto_generated|_~3              ; |block|sm_display:inst3|lpm_mux:Mux6|mux_7qc:auto_generated|_~3              ; out0             ;
; |block|sm_display:inst3|lpm_mux:Mux6|mux_7qc:auto_generated|_~5              ; |block|sm_display:inst3|lpm_mux:Mux6|mux_7qc:auto_generated|_~5              ; out0             ;
; |block|sm_display:inst3|lpm_mux:Mux6|mux_7qc:auto_generated|_~6              ; |block|sm_display:inst3|lpm_mux:Mux6|mux_7qc:auto_generated|_~6              ; out0             ;
; |block|sm_display:inst3|lpm_mux:Mux6|mux_7qc:auto_generated|_~7              ; |block|sm_display:inst3|lpm_mux:Mux6|mux_7qc:auto_generated|_~7              ; out0             ;
; |block|sm_display:inst3|lpm_mux:Mux6|mux_7qc:auto_generated|_~8              ; |block|sm_display:inst3|lpm_mux:Mux6|mux_7qc:auto_generated|_~8              ; out0             ;
; |block|sm_display:inst3|lpm_mux:Mux6|mux_7qc:auto_generated|result_node[0]~0 ; |block|sm_display:inst3|lpm_mux:Mux6|mux_7qc:auto_generated|result_node[0]~0 ; out0             ;
; |block|sm_display:inst3|lpm_mux:Mux6|mux_7qc:auto_generated|_~9              ; |block|sm_display:inst3|lpm_mux:Mux6|mux_7qc:auto_generated|_~9              ; out0             ;
; |block|sm_display:inst3|lpm_mux:Mux6|mux_7qc:auto_generated|_~11             ; |block|sm_display:inst3|lpm_mux:Mux6|mux_7qc:auto_generated|_~11             ; out0             ;
; |block|sm_display:inst3|lpm_mux:Mux6|mux_7qc:auto_generated|_~13             ; |block|sm_display:inst3|lpm_mux:Mux6|mux_7qc:auto_generated|_~13             ; out0             ;
; |block|sm_display:inst3|lpm_mux:Mux6|mux_7qc:auto_generated|_~14             ; |block|sm_display:inst3|lpm_mux:Mux6|mux_7qc:auto_generated|_~14             ; out0             ;
; |block|sm_display:inst3|lpm_mux:Mux6|mux_7qc:auto_generated|_~15             ; |block|sm_display:inst3|lpm_mux:Mux6|mux_7qc:auto_generated|_~15             ; out0             ;
; |block|sm_display:inst3|lpm_mux:Mux6|mux_7qc:auto_generated|_~16             ; |block|sm_display:inst3|lpm_mux:Mux6|mux_7qc:auto_generated|_~16             ; out0             ;
; |block|sm_display:inst3|lpm_mux:Mux6|mux_7qc:auto_generated|_~17             ; |block|sm_display:inst3|lpm_mux:Mux6|mux_7qc:auto_generated|_~17             ; out0             ;
; |block|sm_display:inst3|lpm_mux:Mux6|mux_7qc:auto_generated|result_node[0]   ; |block|sm_display:inst3|lpm_mux:Mux6|mux_7qc:auto_generated|result_node[0]   ; out0             ;
; |block|sm_display:inst3|lpm_mux:Mux5|mux_7qc:auto_generated|_~1              ; |block|sm_display:inst3|lpm_mux:Mux5|mux_7qc:auto_generated|_~1              ; out0             ;
; |block|sm_display:inst3|lpm_mux:Mux5|mux_7qc:auto_generated|_~3              ; |block|sm_display:inst3|lpm_mux:Mux5|mux_7qc:auto_generated|_~3              ; out0             ;
; |block|sm_display:inst3|lpm_mux:Mux5|mux_7qc:auto_generated|_~6              ; |block|sm_display:inst3|lpm_mux:Mux5|mux_7qc:auto_generated|_~6              ; out0             ;
; |block|sm_display:inst3|lpm_mux:Mux5|mux_7qc:auto_generated|_~7              ; |block|sm_display:inst3|lpm_mux:Mux5|mux_7qc:auto_generated|_~7              ; out0             ;
; |block|sm_display:inst3|lpm_mux:Mux5|mux_7qc:auto_generated|_~8              ; |block|sm_display:inst3|lpm_mux:Mux5|mux_7qc:auto_generated|_~8              ; out0             ;
; |block|sm_display:inst3|lpm_mux:Mux5|mux_7qc:auto_generated|_~9              ; |block|sm_display:inst3|lpm_mux:Mux5|mux_7qc:auto_generated|_~9              ; out0             ;
; |block|sm_display:inst3|lpm_mux:Mux5|mux_7qc:auto_generated|_~11             ; |block|sm_display:inst3|lpm_mux:Mux5|mux_7qc:auto_generated|_~11             ; out0             ;
; |block|sm_display:inst3|lpm_mux:Mux5|mux_7qc:auto_generated|_~14             ; |block|sm_display:inst3|lpm_mux:Mux5|mux_7qc:auto_generated|_~14             ; out0             ;
; |block|sm_display:inst3|lpm_mux:Mux5|mux_7qc:auto_generated|_~15             ; |block|sm_display:inst3|lpm_mux:Mux5|mux_7qc:auto_generated|_~15             ; out0             ;
; |block|sm_display:inst3|lpm_mux:Mux5|mux_7qc:auto_generated|_~16             ; |block|sm_display:inst3|lpm_mux:Mux5|mux_7qc:auto_generated|_~16             ; out0             ;
; |block|sm_display:inst3|lpm_mux:Mux5|mux_7qc:auto_generated|_~17             ; |block|sm_display:inst3|lpm_mux:Mux5|mux_7qc:auto_generated|_~17             ; out0             ;
; |block|sm_display:inst3|lpm_mux:Mux5|mux_7qc:auto_generated|result_node[0]~1 ; |block|sm_display:inst3|lpm_mux:Mux5|mux_7qc:auto_generated|result_node[0]~1 ; out0             ;
; |block|sm_display:inst3|lpm_mux:Mux5|mux_7qc:auto_generated|result_node[0]   ; |block|sm_display:inst3|lpm_mux:Mux5|mux_7qc:auto_generated|result_node[0]   ; out0             ;
; |block|sm_display:inst3|lpm_mux:Mux4|mux_7qc:auto_generated|_~0              ; |block|sm_display:inst3|lpm_mux:Mux4|mux_7qc:auto_generated|_~0              ; out0             ;
; |block|sm_display:inst3|lpm_mux:Mux4|mux_7qc:auto_generated|_~1              ; |block|sm_display:inst3|lpm_mux:Mux4|mux_7qc:auto_generated|_~1              ; out0             ;
; |block|sm_display:inst3|lpm_mux:Mux4|mux_7qc:auto_generated|_~3              ; |block|sm_display:inst3|lpm_mux:Mux4|mux_7qc:auto_generated|_~3              ; out0             ;
; |block|sm_display:inst3|lpm_mux:Mux4|mux_7qc:auto_generated|_~5              ; |block|sm_display:inst3|lpm_mux:Mux4|mux_7qc:auto_generated|_~5              ; out0             ;
; |block|sm_display:inst3|lpm_mux:Mux4|mux_7qc:auto_generated|_~6              ; |block|sm_display:inst3|lpm_mux:Mux4|mux_7qc:auto_generated|_~6              ; out0             ;
; |block|sm_display:inst3|lpm_mux:Mux4|mux_7qc:auto_generated|_~7              ; |block|sm_display:inst3|lpm_mux:Mux4|mux_7qc:auto_generated|_~7              ; out0             ;
; |block|sm_display:inst3|lpm_mux:Mux4|mux_7qc:auto_generated|_~8              ; |block|sm_display:inst3|lpm_mux:Mux4|mux_7qc:auto_generated|_~8              ; out0             ;
; |block|sm_display:inst3|lpm_mux:Mux4|mux_7qc:auto_generated|result_node[0]~0 ; |block|sm_display:inst3|lpm_mux:Mux4|mux_7qc:auto_generated|result_node[0]~0 ; out0             ;
; |block|sm_display:inst3|lpm_mux:Mux4|mux_7qc:auto_generated|_~9              ; |block|sm_display:inst3|lpm_mux:Mux4|mux_7qc:auto_generated|_~9              ; out0             ;
; |block|sm_display:inst3|lpm_mux:Mux4|mux_7qc:auto_generated|_~11             ; |block|sm_display:inst3|lpm_mux:Mux4|mux_7qc:auto_generated|_~11             ; out0             ;
; |block|sm_display:inst3|lpm_mux:Mux4|mux_7qc:auto_generated|_~13             ; |block|sm_display:inst3|lpm_mux:Mux4|mux_7qc:auto_generated|_~13             ; out0             ;
; |block|sm_display:inst3|lpm_mux:Mux4|mux_7qc:auto_generated|_~14             ; |block|sm_display:inst3|lpm_mux:Mux4|mux_7qc:auto_generated|_~14             ; out0             ;
; |block|sm_display:inst3|lpm_mux:Mux4|mux_7qc:auto_generated|_~15             ; |block|sm_display:inst3|lpm_mux:Mux4|mux_7qc:auto_generated|_~15             ; out0             ;
; |block|sm_display:inst3|lpm_mux:Mux4|mux_7qc:auto_generated|_~16             ; |block|sm_display:inst3|lpm_mux:Mux4|mux_7qc:auto_generated|_~16             ; out0             ;
; |block|sm_display:inst3|lpm_mux:Mux4|mux_7qc:auto_generated|_~17             ; |block|sm_display:inst3|lpm_mux:Mux4|mux_7qc:auto_generated|_~17             ; out0             ;
; |block|sm_display:inst3|lpm_mux:Mux4|mux_7qc:auto_generated|result_node[0]   ; |block|sm_display:inst3|lpm_mux:Mux4|mux_7qc:auto_generated|result_node[0]   ; out0             ;
; |block|sm_display:inst3|lpm_mux:Mux3|mux_7qc:auto_generated|_~0              ; |block|sm_display:inst3|lpm_mux:Mux3|mux_7qc:auto_generated|_~0              ; out0             ;
; |block|sm_display:inst3|lpm_mux:Mux3|mux_7qc:auto_generated|_~1              ; |block|sm_display:inst3|lpm_mux:Mux3|mux_7qc:auto_generated|_~1              ; out0             ;
; |block|sm_display:inst3|lpm_mux:Mux3|mux_7qc:auto_generated|_~2              ; |block|sm_display:inst3|lpm_mux:Mux3|mux_7qc:auto_generated|_~2              ; out0             ;
; |block|sm_display:inst3|lpm_mux:Mux3|mux_7qc:auto_generated|_~3              ; |block|sm_display:inst3|lpm_mux:Mux3|mux_7qc:auto_generated|_~3              ; out0             ;
; |block|sm_display:inst3|lpm_mux:Mux3|mux_7qc:auto_generated|_~4              ; |block|sm_display:inst3|lpm_mux:Mux3|mux_7qc:auto_generated|_~4              ; out0             ;
; |block|sm_display:inst3|lpm_mux:Mux3|mux_7qc:auto_generated|_~6              ; |block|sm_display:inst3|lpm_mux:Mux3|mux_7qc:auto_generated|_~6              ; out0             ;
; |block|sm_display:inst3|lpm_mux:Mux3|mux_7qc:auto_generated|_~7              ; |block|sm_display:inst3|lpm_mux:Mux3|mux_7qc:auto_generated|_~7              ; out0             ;
; |block|sm_display:inst3|lpm_mux:Mux3|mux_7qc:auto_generated|_~8              ; |block|sm_display:inst3|lpm_mux:Mux3|mux_7qc:auto_generated|_~8              ; out0             ;
; |block|sm_display:inst3|lpm_mux:Mux3|mux_7qc:auto_generated|result_node[0]~0 ; |block|sm_display:inst3|lpm_mux:Mux3|mux_7qc:auto_generated|result_node[0]~0 ; out0             ;
; |block|sm_display:inst3|lpm_mux:Mux3|mux_7qc:auto_generated|_~9              ; |block|sm_display:inst3|lpm_mux:Mux3|mux_7qc:auto_generated|_~9              ; out0             ;
; |block|sm_display:inst3|lpm_mux:Mux3|mux_7qc:auto_generated|_~10             ; |block|sm_display:inst3|lpm_mux:Mux3|mux_7qc:auto_generated|_~10             ; out0             ;
; |block|sm_display:inst3|lpm_mux:Mux3|mux_7qc:auto_generated|_~11             ; |block|sm_display:inst3|lpm_mux:Mux3|mux_7qc:auto_generated|_~11             ; out0             ;
; |block|sm_display:inst3|lpm_mux:Mux3|mux_7qc:auto_generated|_~12             ; |block|sm_display:inst3|lpm_mux:Mux3|mux_7qc:auto_generated|_~12             ; out0             ;
; |block|sm_display:inst3|lpm_mux:Mux3|mux_7qc:auto_generated|_~14             ; |block|sm_display:inst3|lpm_mux:Mux3|mux_7qc:auto_generated|_~14             ; out0             ;
; |block|sm_display:inst3|lpm_mux:Mux3|mux_7qc:auto_generated|_~15             ; |block|sm_display:inst3|lpm_mux:Mux3|mux_7qc:auto_generated|_~15             ; out0             ;
; |block|sm_display:inst3|lpm_mux:Mux3|mux_7qc:auto_generated|_~16             ; |block|sm_display:inst3|lpm_mux:Mux3|mux_7qc:auto_generated|_~16             ; out0             ;
; |block|sm_display:inst3|lpm_mux:Mux3|mux_7qc:auto_generated|_~17             ; |block|sm_display:inst3|lpm_mux:Mux3|mux_7qc:auto_generated|_~17             ; out0             ;
; |block|sm_display:inst3|lpm_mux:Mux3|mux_7qc:auto_generated|result_node[0]~1 ; |block|sm_display:inst3|lpm_mux:Mux3|mux_7qc:auto_generated|result_node[0]~1 ; out0             ;
; |block|sm_display:inst3|lpm_mux:Mux3|mux_7qc:auto_generated|result_node[0]   ; |block|sm_display:inst3|lpm_mux:Mux3|mux_7qc:auto_generated|result_node[0]   ; out0             ;
; |block|sm_display:inst3|lpm_mux:Mux2|mux_7qc:auto_generated|_~0              ; |block|sm_display:inst3|lpm_mux:Mux2|mux_7qc:auto_generated|_~0              ; out0             ;
; |block|sm_display:inst3|lpm_mux:Mux2|mux_7qc:auto_generated|_~1              ; |block|sm_display:inst3|lpm_mux:Mux2|mux_7qc:auto_generated|_~1              ; out0             ;
; |block|sm_display:inst3|lpm_mux:Mux2|mux_7qc:auto_generated|_~2              ; |block|sm_display:inst3|lpm_mux:Mux2|mux_7qc:auto_generated|_~2              ; out0             ;
; |block|sm_display:inst3|lpm_mux:Mux2|mux_7qc:auto_generated|_~3              ; |block|sm_display:inst3|lpm_mux:Mux2|mux_7qc:auto_generated|_~3              ; out0             ;
; |block|sm_display:inst3|lpm_mux:Mux2|mux_7qc:auto_generated|_~4              ; |block|sm_display:inst3|lpm_mux:Mux2|mux_7qc:auto_generated|_~4              ; out0             ;
; |block|sm_display:inst3|lpm_mux:Mux2|mux_7qc:auto_generated|_~5              ; |block|sm_display:inst3|lpm_mux:Mux2|mux_7qc:auto_generated|_~5              ; out0             ;
; |block|sm_display:inst3|lpm_mux:Mux2|mux_7qc:auto_generated|_~6              ; |block|sm_display:inst3|lpm_mux:Mux2|mux_7qc:auto_generated|_~6              ; out0             ;
; |block|sm_display:inst3|lpm_mux:Mux2|mux_7qc:auto_generated|_~7              ; |block|sm_display:inst3|lpm_mux:Mux2|mux_7qc:auto_generated|_~7              ; out0             ;
; |block|sm_display:inst3|lpm_mux:Mux2|mux_7qc:auto_generated|_~8              ; |block|sm_display:inst3|lpm_mux:Mux2|mux_7qc:auto_generated|_~8              ; out0             ;
; |block|sm_display:inst3|lpm_mux:Mux2|mux_7qc:auto_generated|result_node[0]~0 ; |block|sm_display:inst3|lpm_mux:Mux2|mux_7qc:auto_generated|result_node[0]~0 ; out0             ;
; |block|sm_display:inst3|lpm_mux:Mux2|mux_7qc:auto_generated|_~9              ; |block|sm_display:inst3|lpm_mux:Mux2|mux_7qc:auto_generated|_~9              ; out0             ;
; |block|sm_display:inst3|lpm_mux:Mux2|mux_7qc:auto_generated|_~10             ; |block|sm_display:inst3|lpm_mux:Mux2|mux_7qc:auto_generated|_~10             ; out0             ;
; |block|sm_display:inst3|lpm_mux:Mux2|mux_7qc:auto_generated|_~11             ; |block|sm_display:inst3|lpm_mux:Mux2|mux_7qc:auto_generated|_~11             ; out0             ;
; |block|sm_display:inst3|lpm_mux:Mux2|mux_7qc:auto_generated|_~12             ; |block|sm_display:inst3|lpm_mux:Mux2|mux_7qc:auto_generated|_~12             ; out0             ;
; |block|sm_display:inst3|lpm_mux:Mux2|mux_7qc:auto_generated|_~13             ; |block|sm_display:inst3|lpm_mux:Mux2|mux_7qc:auto_generated|_~13             ; out0             ;
; |block|sm_display:inst3|lpm_mux:Mux2|mux_7qc:auto_generated|_~14             ; |block|sm_display:inst3|lpm_mux:Mux2|mux_7qc:auto_generated|_~14             ; out0             ;
; |block|sm_display:inst3|lpm_mux:Mux2|mux_7qc:auto_generated|_~15             ; |block|sm_display:inst3|lpm_mux:Mux2|mux_7qc:auto_generated|_~15             ; out0             ;
; |block|sm_display:inst3|lpm_mux:Mux2|mux_7qc:auto_generated|_~16             ; |block|sm_display:inst3|lpm_mux:Mux2|mux_7qc:auto_generated|_~16             ; out0             ;
; |block|sm_display:inst3|lpm_mux:Mux2|mux_7qc:auto_generated|result_node[0]~1 ; |block|sm_display:inst3|lpm_mux:Mux2|mux_7qc:auto_generated|result_node[0]~1 ; out0             ;
; |block|sm_display:inst3|lpm_mux:Mux2|mux_7qc:auto_generated|result_node[0]   ; |block|sm_display:inst3|lpm_mux:Mux2|mux_7qc:auto_generated|result_node[0]   ; out0             ;
; |block|sm_display:inst3|lpm_mux:Mux1|mux_7qc:auto_generated|_~1              ; |block|sm_display:inst3|lpm_mux:Mux1|mux_7qc:auto_generated|_~1              ; out0             ;
; |block|sm_display:inst3|lpm_mux:Mux1|mux_7qc:auto_generated|_~2              ; |block|sm_display:inst3|lpm_mux:Mux1|mux_7qc:auto_generated|_~2              ; out0             ;
; |block|sm_display:inst3|lpm_mux:Mux1|mux_7qc:auto_generated|_~3              ; |block|sm_display:inst3|lpm_mux:Mux1|mux_7qc:auto_generated|_~3              ; out0             ;
; |block|sm_display:inst3|lpm_mux:Mux1|mux_7qc:auto_generated|_~4              ; |block|sm_display:inst3|lpm_mux:Mux1|mux_7qc:auto_generated|_~4              ; out0             ;
; |block|sm_display:inst3|lpm_mux:Mux1|mux_7qc:auto_generated|_~6              ; |block|sm_display:inst3|lpm_mux:Mux1|mux_7qc:auto_generated|_~6              ; out0             ;
; |block|sm_display:inst3|lpm_mux:Mux1|mux_7qc:auto_generated|_~7              ; |block|sm_display:inst3|lpm_mux:Mux1|mux_7qc:auto_generated|_~7              ; out0             ;
; |block|sm_display:inst3|lpm_mux:Mux1|mux_7qc:auto_generated|_~8              ; |block|sm_display:inst3|lpm_mux:Mux1|mux_7qc:auto_generated|_~8              ; out0             ;
; |block|sm_display:inst3|lpm_mux:Mux1|mux_7qc:auto_generated|_~9              ; |block|sm_display:inst3|lpm_mux:Mux1|mux_7qc:auto_generated|_~9              ; out0             ;
; |block|sm_display:inst3|lpm_mux:Mux1|mux_7qc:auto_generated|_~10             ; |block|sm_display:inst3|lpm_mux:Mux1|mux_7qc:auto_generated|_~10             ; out0             ;
; |block|sm_display:inst3|lpm_mux:Mux1|mux_7qc:auto_generated|_~11             ; |block|sm_display:inst3|lpm_mux:Mux1|mux_7qc:auto_generated|_~11             ; out0             ;
; |block|sm_display:inst3|lpm_mux:Mux1|mux_7qc:auto_generated|_~12             ; |block|sm_display:inst3|lpm_mux:Mux1|mux_7qc:auto_generated|_~12             ; out0             ;
; |block|sm_display:inst3|lpm_mux:Mux1|mux_7qc:auto_generated|_~14             ; |block|sm_display:inst3|lpm_mux:Mux1|mux_7qc:auto_generated|_~14             ; out0             ;
; |block|sm_display:inst3|lpm_mux:Mux1|mux_7qc:auto_generated|_~15             ; |block|sm_display:inst3|lpm_mux:Mux1|mux_7qc:auto_generated|_~15             ; out0             ;
; |block|sm_display:inst3|lpm_mux:Mux1|mux_7qc:auto_generated|_~16             ; |block|sm_display:inst3|lpm_mux:Mux1|mux_7qc:auto_generated|_~16             ; out0             ;
; |block|sm_display:inst3|lpm_mux:Mux1|mux_7qc:auto_generated|result_node[0]~1 ; |block|sm_display:inst3|lpm_mux:Mux1|mux_7qc:auto_generated|result_node[0]~1 ; out0             ;
; |block|sm_display:inst3|lpm_mux:Mux1|mux_7qc:auto_generated|result_node[0]   ; |block|sm_display:inst3|lpm_mux:Mux1|mux_7qc:auto_generated|result_node[0]   ; out0             ;
; |block|sm_display:inst3|lpm_mux:Mux0|mux_7qc:auto_generated|_~0              ; |block|sm_display:inst3|lpm_mux:Mux0|mux_7qc:auto_generated|_~0              ; out0             ;
; |block|sm_display:inst3|lpm_mux:Mux0|mux_7qc:auto_generated|_~1              ; |block|sm_display:inst3|lpm_mux:Mux0|mux_7qc:auto_generated|_~1              ; out0             ;
; |block|sm_display:inst3|lpm_mux:Mux0|mux_7qc:auto_generated|_~3              ; |block|sm_display:inst3|lpm_mux:Mux0|mux_7qc:auto_generated|_~3              ; out0             ;
; |block|sm_display:inst3|lpm_mux:Mux0|mux_7qc:auto_generated|_~6              ; |block|sm_display:inst3|lpm_mux:Mux0|mux_7qc:auto_generated|_~6              ; out0             ;
; |block|sm_display:inst3|lpm_mux:Mux0|mux_7qc:auto_generated|_~7              ; |block|sm_display:inst3|lpm_mux:Mux0|mux_7qc:auto_generated|_~7              ; out0             ;
; |block|sm_display:inst3|lpm_mux:Mux0|mux_7qc:auto_generated|_~8              ; |block|sm_display:inst3|lpm_mux:Mux0|mux_7qc:auto_generated|_~8              ; out0             ;
; |block|sm_display:inst3|lpm_mux:Mux0|mux_7qc:auto_generated|result_node[0]~0 ; |block|sm_display:inst3|lpm_mux:Mux0|mux_7qc:auto_generated|result_node[0]~0 ; out0             ;
; |block|sm_display:inst3|lpm_mux:Mux0|mux_7qc:auto_generated|_~9              ; |block|sm_display:inst3|lpm_mux:Mux0|mux_7qc:auto_generated|_~9              ; out0             ;
; |block|sm_display:inst3|lpm_mux:Mux0|mux_7qc:auto_generated|_~11             ; |block|sm_display:inst3|lpm_mux:Mux0|mux_7qc:auto_generated|_~11             ; out0             ;
; |block|sm_display:inst3|lpm_mux:Mux0|mux_7qc:auto_generated|_~14             ; |block|sm_display:inst3|lpm_mux:Mux0|mux_7qc:auto_generated|_~14             ; out0             ;
; |block|sm_display:inst3|lpm_mux:Mux0|mux_7qc:auto_generated|_~15             ; |block|sm_display:inst3|lpm_mux:Mux0|mux_7qc:auto_generated|_~15             ; out0             ;
; |block|sm_display:inst3|lpm_mux:Mux0|mux_7qc:auto_generated|_~16             ; |block|sm_display:inst3|lpm_mux:Mux0|mux_7qc:auto_generated|_~16             ; out0             ;
; |block|sm_display:inst3|lpm_mux:Mux0|mux_7qc:auto_generated|result_node[0]~1 ; |block|sm_display:inst3|lpm_mux:Mux0|mux_7qc:auto_generated|result_node[0]~1 ; out0             ;
; |block|sm_display:inst3|lpm_mux:Mux0|mux_7qc:auto_generated|result_node[0]   ; |block|sm_display:inst3|lpm_mux:Mux0|mux_7qc:auto_generated|result_node[0]   ; out0             ;
+------------------------------------------------------------------------------+------------------------------------------------------------------------------+------------------+


The following table displays output ports that do not toggle to 1 during simulation.
+--------------------------------------------------------------------------------------------------------------------------------------------------------------------------------+
; Missing 1-Value Coverage                                                                                                                                                       ;
+------------------------------------------------------------------------------+------------------------------------------------------------------------------+------------------+
; Node Name                                                                    ; Output Port Name                                                             ; Output Port Type ;
+------------------------------------------------------------------------------+------------------------------------------------------------------------------+------------------+
; |block|led[6]                                                                ; |block|led[6]                                                                ; pin_out          ;
; |block|led[0]                                                                ; |block|led[0]                                                                ; pin_out          ;
; |block|sm_display:inst3|lpm_mux:Mux7|mux_7qc:auto_generated|_~2              ; |block|sm_display:inst3|lpm_mux:Mux7|mux_7qc:auto_generated|_~2              ; out0             ;
; |block|sm_display:inst3|lpm_mux:Mux7|mux_7qc:auto_generated|_~4              ; |block|sm_display:inst3|lpm_mux:Mux7|mux_7qc:auto_generated|_~4              ; out0             ;
; |block|sm_display:inst3|lpm_mux:Mux7|mux_7qc:auto_generated|_~5              ; |block|sm_display:inst3|lpm_mux:Mux7|mux_7qc:auto_generated|_~5              ; out0             ;
; |block|sm_display:inst3|lpm_mux:Mux7|mux_7qc:auto_generated|_~10             ; |block|sm_display:inst3|lpm_mux:Mux7|mux_7qc:auto_generated|_~10             ; out0             ;
; |block|sm_display:inst3|lpm_mux:Mux7|mux_7qc:auto_generated|_~12             ; |block|sm_display:inst3|lpm_mux:Mux7|mux_7qc:auto_generated|_~12             ; out0             ;
; |block|sm_display:inst3|lpm_mux:Mux7|mux_7qc:auto_generated|_~13             ; |block|sm_display:inst3|lpm_mux:Mux7|mux_7qc:auto_generated|_~13             ; out0             ;
; |block|sm_display:inst3|lpm_mux:Mux7|mux_7qc:auto_generated|_~17             ; |block|sm_display:inst3|lpm_mux:Mux7|mux_7qc:auto_generated|_~17             ; out0             ;
; |block|sm_display:inst3|lpm_mux:Mux6|mux_7qc:auto_generated|_~2              ; |block|sm_display:inst3|lpm_mux:Mux6|mux_7qc:auto_generated|_~2              ; out0             ;
; |block|sm_display:inst3|lpm_mux:Mux6|mux_7qc:auto_generated|_~4              ; |block|sm_display:inst3|lpm_mux:Mux6|mux_7qc:auto_generated|_~4              ; out0             ;
; |block|sm_display:inst3|lpm_mux:Mux6|mux_7qc:auto_generated|_~10             ; |block|sm_display:inst3|lpm_mux:Mux6|mux_7qc:auto_generated|_~10             ; out0             ;
; |block|sm_display:inst3|lpm_mux:Mux6|mux_7qc:auto_generated|_~12             ; |block|sm_display:inst3|lpm_mux:Mux6|mux_7qc:auto_generated|_~12             ; out0             ;
; |block|sm_display:inst3|lpm_mux:Mux6|mux_7qc:auto_generated|result_node[0]~1 ; |block|sm_display:inst3|lpm_mux:Mux6|mux_7qc:auto_generated|result_node[0]~1 ; out0             ;
; |block|sm_display:inst3|lpm_mux:Mux5|mux_7qc:auto_generated|_~0              ; |block|sm_display:inst3|lpm_mux:Mux5|mux_7qc:auto_generated|_~0              ; out0             ;
; |block|sm_display:inst3|lpm_mux:Mux5|mux_7qc:auto_generated|_~2              ; |block|sm_display:inst3|lpm_mux:Mux5|mux_7qc:auto_generated|_~2              ; out0             ;
; |block|sm_display:inst3|lpm_mux:Mux5|mux_7qc:auto_generated|_~4              ; |block|sm_display:inst3|lpm_mux:Mux5|mux_7qc:auto_generated|_~4              ; out0             ;
; |block|sm_display:inst3|lpm_mux:Mux5|mux_7qc:auto_generated|_~5              ; |block|sm_display:inst3|lpm_mux:Mux5|mux_7qc:auto_generated|_~5              ; out0             ;
; |block|sm_display:inst3|lpm_mux:Mux5|mux_7qc:auto_generated|result_node[0]~0 ; |block|sm_display:inst3|lpm_mux:Mux5|mux_7qc:auto_generated|result_node[0]~0 ; out0             ;
; |block|sm_display:inst3|lpm_mux:Mux5|mux_7qc:auto_generated|_~10             ; |block|sm_display:inst3|lpm_mux:Mux5|mux_7qc:auto_generated|_~10             ; out0             ;
; |block|sm_display:inst3|lpm_mux:Mux5|mux_7qc:auto_generated|_~12             ; |block|sm_display:inst3|lpm_mux:Mux5|mux_7qc:auto_generated|_~12             ; out0             ;
; |block|sm_display:inst3|lpm_mux:Mux5|mux_7qc:auto_generated|_~13             ; |block|sm_display:inst3|lpm_mux:Mux5|mux_7qc:auto_generated|_~13             ; out0             ;
; |block|sm_display:inst3|lpm_mux:Mux4|mux_7qc:auto_generated|_~2              ; |block|sm_display:inst3|lpm_mux:Mux4|mux_7qc:auto_generated|_~2              ; out0             ;
; |block|sm_display:inst3|lpm_mux:Mux4|mux_7qc:auto_generated|_~4              ; |block|sm_display:inst3|lpm_mux:Mux4|mux_7qc:auto_generated|_~4              ; out0             ;
; |block|sm_display:inst3|lpm_mux:Mux4|mux_7qc:auto_generated|_~10             ; |block|sm_display:inst3|lpm_mux:Mux4|mux_7qc:auto_generated|_~10             ; out0             ;
; |block|sm_display:inst3|lpm_mux:Mux4|mux_7qc:auto_generated|_~12             ; |block|sm_display:inst3|lpm_mux:Mux4|mux_7qc:auto_generated|_~12             ; out0             ;
; |block|sm_display:inst3|lpm_mux:Mux4|mux_7qc:auto_generated|result_node[0]~1 ; |block|sm_display:inst3|lpm_mux:Mux4|mux_7qc:auto_generated|result_node[0]~1 ; out0             ;
; |block|sm_display:inst3|lpm_mux:Mux3|mux_7qc:auto_generated|_~5              ; |block|sm_display:inst3|lpm_mux:Mux3|mux_7qc:auto_generated|_~5              ; out0             ;
; |block|sm_display:inst3|lpm_mux:Mux3|mux_7qc:auto_generated|_~13             ; |block|sm_display:inst3|lpm_mux:Mux3|mux_7qc:auto_generated|_~13             ; out0             ;
; |block|sm_display:inst3|lpm_mux:Mux2|mux_7qc:auto_generated|_~17             ; |block|sm_display:inst3|lpm_mux:Mux2|mux_7qc:auto_generated|_~17             ; out0             ;
; |block|sm_display:inst3|lpm_mux:Mux1|mux_7qc:auto_generated|_~0              ; |block|sm_display:inst3|lpm_mux:Mux1|mux_7qc:auto_generated|_~0              ; out0             ;
; |block|sm_display:inst3|lpm_mux:Mux1|mux_7qc:auto_generated|_~5              ; |block|sm_display:inst3|lpm_mux:Mux1|mux_7qc:auto_generated|_~5              ; out0             ;
; |block|sm_display:inst3|lpm_mux:Mux1|mux_7qc:auto_generated|result_node[0]~0 ; |block|sm_display:inst3|lpm_mux:Mux1|mux_7qc:auto_generated|result_node[0]~0 ; out0             ;
; |block|sm_display:inst3|lpm_mux:Mux1|mux_7qc:auto_generated|_~13             ; |block|sm_display:inst3|lpm_mux:Mux1|mux_7qc:auto_generated|_~13             ; out0             ;
; |block|sm_display:inst3|lpm_mux:Mux1|mux_7qc:auto_generated|_~17             ; |block|sm_display:inst3|lpm_mux:Mux1|mux_7qc:auto_generated|_~17             ; out0             ;
; |block|sm_display:inst3|lpm_mux:Mux0|mux_7qc:auto_generated|_~2              ; |block|sm_display:inst3|lpm_mux:Mux0|mux_7qc:auto_generated|_~2              ; out0             ;
; |block|sm_display:inst3|lpm_mux:Mux0|mux_7qc:auto_generated|_~4              ; |block|sm_display:inst3|lpm_mux:Mux0|mux_7qc:auto_generated|_~4              ; out0             ;
; |block|sm_display:inst3|lpm_mux:Mux0|mux_7qc:auto_generated|_~5              ; |block|sm_display:inst3|lpm_mux:Mux0|mux_7qc:auto_generated|_~5              ; out0             ;
; |block|sm_display:inst3|lpm_mux:Mux0|mux_7qc:auto_generated|_~10             ; |block|sm_display:inst3|lpm_mux:Mux0|mux_7qc:auto_generated|_~10             ; out0             ;
; |block|sm_display:inst3|lpm_mux:Mux0|mux_7qc:auto_generated|_~12             ; |block|sm_display:inst3|lpm_mux:Mux0|mux_7qc:auto_generated|_~12             ; out0             ;
; |block|sm_display:inst3|lpm_mux:Mux0|mux_7qc:auto_generated|_~13             ; |block|sm_display:inst3|lpm_mux:Mux0|mux_7qc:auto_generated|_~13             ; out0             ;
; |block|sm_display:inst3|lpm_mux:Mux0|mux_7qc:auto_generated|_~17             ; |block|sm_display:inst3|lpm_mux:Mux0|mux_7qc:auto_generated|_~17             ; out0             ;
+------------------------------------------------------------------------------+------------------------------------------------------------------------------+------------------+


The following table displays output ports that do not toggle to 0 during simulation.
+--------------------------------------------------------------------------------------------------------------------------------------------------------------------------------+
; Missing 0-Value Coverage                                                                                                                                                       ;
+------------------------------------------------------------------------------+------------------------------------------------------------------------------+------------------+
; Node Name                                                                    ; Output Port Name                                                             ; Output Port Type ;
+------------------------------------------------------------------------------+------------------------------------------------------------------------------+------------------+
; |block|led[6]                                                                ; |block|led[6]                                                                ; pin_out          ;
; |block|led[0]                                                                ; |block|led[0]                                                                ; pin_out          ;
; |block|sm_display:inst3|lpm_mux:Mux7|mux_7qc:auto_generated|_~2              ; |block|sm_display:inst3|lpm_mux:Mux7|mux_7qc:auto_generated|_~2              ; out0             ;
; |block|sm_display:inst3|lpm_mux:Mux7|mux_7qc:auto_generated|_~4              ; |block|sm_display:inst3|lpm_mux:Mux7|mux_7qc:auto_generated|_~4              ; out0             ;
; |block|sm_display:inst3|lpm_mux:Mux7|mux_7qc:auto_generated|_~5              ; |block|sm_display:inst3|lpm_mux:Mux7|mux_7qc:auto_generated|_~5              ; out0             ;
; |block|sm_display:inst3|lpm_mux:Mux7|mux_7qc:auto_generated|_~10             ; |block|sm_display:inst3|lpm_mux:Mux7|mux_7qc:auto_generated|_~10             ; out0             ;
; |block|sm_display:inst3|lpm_mux:Mux7|mux_7qc:auto_generated|_~12             ; |block|sm_display:inst3|lpm_mux:Mux7|mux_7qc:auto_generated|_~12             ; out0             ;
; |block|sm_display:inst3|lpm_mux:Mux7|mux_7qc:auto_generated|_~13             ; |block|sm_display:inst3|lpm_mux:Mux7|mux_7qc:auto_generated|_~13             ; out0             ;
; |block|sm_display:inst3|lpm_mux:Mux7|mux_7qc:auto_generated|_~17             ; |block|sm_display:inst3|lpm_mux:Mux7|mux_7qc:auto_generated|_~17             ; out0             ;
; |block|sm_display:inst3|lpm_mux:Mux6|mux_7qc:auto_generated|_~2              ; |block|sm_display:inst3|lpm_mux:Mux6|mux_7qc:auto_generated|_~2              ; out0             ;
; |block|sm_display:inst3|lpm_mux:Mux6|mux_7qc:auto_generated|_~4              ; |block|sm_display:inst3|lpm_mux:Mux6|mux_7qc:auto_generated|_~4              ; out0             ;
; |block|sm_display:inst3|lpm_mux:Mux6|mux_7qc:auto_generated|_~10             ; |block|sm_display:inst3|lpm_mux:Mux6|mux_7qc:auto_generated|_~10             ; out0             ;
; |block|sm_display:inst3|lpm_mux:Mux6|mux_7qc:auto_generated|_~12             ; |block|sm_display:inst3|lpm_mux:Mux6|mux_7qc:auto_generated|_~12             ; out0             ;
; |block|sm_display:inst3|lpm_mux:Mux6|mux_7qc:auto_generated|result_node[0]~1 ; |block|sm_display:inst3|lpm_mux:Mux6|mux_7qc:auto_generated|result_node[0]~1 ; out0             ;
; |block|sm_display:inst3|lpm_mux:Mux5|mux_7qc:auto_generated|_~0              ; |block|sm_display:inst3|lpm_mux:Mux5|mux_7qc:auto_generated|_~0              ; out0             ;
; |block|sm_display:inst3|lpm_mux:Mux5|mux_7qc:auto_generated|_~2              ; |block|sm_display:inst3|lpm_mux:Mux5|mux_7qc:auto_generated|_~2              ; out0             ;
; |block|sm_display:inst3|lpm_mux:Mux5|mux_7qc:auto_generated|_~4              ; |block|sm_display:inst3|lpm_mux:Mux5|mux_7qc:auto_generated|_~4              ; out0             ;
; |block|sm_display:inst3|lpm_mux:Mux5|mux_7qc:auto_generated|_~5              ; |block|sm_display:inst3|lpm_mux:Mux5|mux_7qc:auto_generated|_~5              ; out0             ;
; |block|sm_display:inst3|lpm_mux:Mux5|mux_7qc:auto_generated|result_node[0]~0 ; |block|sm_display:inst3|lpm_mux:Mux5|mux_7qc:auto_generated|result_node[0]~0 ; out0             ;
; |block|sm_display:inst3|lpm_mux:Mux5|mux_7qc:auto_generated|_~10             ; |block|sm_display:inst3|lpm_mux:Mux5|mux_7qc:auto_generated|_~10             ; out0             ;
; |block|sm_display:inst3|lpm_mux:Mux5|mux_7qc:auto_generated|_~12             ; |block|sm_display:inst3|lpm_mux:Mux5|mux_7qc:auto_generated|_~12             ; out0             ;
; |block|sm_display:inst3|lpm_mux:Mux5|mux_7qc:auto_generated|_~13             ; |block|sm_display:inst3|lpm_mux:Mux5|mux_7qc:auto_generated|_~13             ; out0             ;
; |block|sm_display:inst3|lpm_mux:Mux4|mux_7qc:auto_generated|_~2              ; |block|sm_display:inst3|lpm_mux:Mux4|mux_7qc:auto_generated|_~2              ; out0             ;
; |block|sm_display:inst3|lpm_mux:Mux4|mux_7qc:auto_generated|_~4              ; |block|sm_display:inst3|lpm_mux:Mux4|mux_7qc:auto_generated|_~4              ; out0             ;
; |block|sm_display:inst3|lpm_mux:Mux4|mux_7qc:auto_generated|_~10             ; |block|sm_display:inst3|lpm_mux:Mux4|mux_7qc:auto_generated|_~10             ; out0             ;
; |block|sm_display:inst3|lpm_mux:Mux4|mux_7qc:auto_generated|_~12             ; |block|sm_display:inst3|lpm_mux:Mux4|mux_7qc:auto_generated|_~12             ; out0             ;
; |block|sm_display:inst3|lpm_mux:Mux4|mux_7qc:auto_generated|result_node[0]~1 ; |block|sm_display:inst3|lpm_mux:Mux4|mux_7qc:auto_generated|result_node[0]~1 ; out0             ;
; |block|sm_display:inst3|lpm_mux:Mux3|mux_7qc:auto_generated|_~5              ; |block|sm_display:inst3|lpm_mux:Mux3|mux_7qc:auto_generated|_~5              ; out0             ;
; |block|sm_display:inst3|lpm_mux:Mux3|mux_7qc:auto_generated|_~13             ; |block|sm_display:inst3|lpm_mux:Mux3|mux_7qc:auto_generated|_~13             ; out0             ;
; |block|sm_display:inst3|lpm_mux:Mux2|mux_7qc:auto_generated|_~17             ; |block|sm_display:inst3|lpm_mux:Mux2|mux_7qc:auto_generated|_~17             ; out0             ;
; |block|sm_display:inst3|lpm_mux:Mux1|mux_7qc:auto_generated|_~0              ; |block|sm_display:inst3|lpm_mux:Mux1|mux_7qc:auto_generated|_~0              ; out0             ;
; |block|sm_display:inst3|lpm_mux:Mux1|mux_7qc:auto_generated|_~5              ; |block|sm_display:inst3|lpm_mux:Mux1|mux_7qc:auto_generated|_~5              ; out0             ;
; |block|sm_display:inst3|lpm_mux:Mux1|mux_7qc:auto_generated|result_node[0]~0 ; |block|sm_display:inst3|lpm_mux:Mux1|mux_7qc:auto_generated|result_node[0]~0 ; out0             ;
; |block|sm_display:inst3|lpm_mux:Mux1|mux_7qc:auto_generated|_~13             ; |block|sm_display:inst3|lpm_mux:Mux1|mux_7qc:auto_generated|_~13             ; out0             ;
; |block|sm_display:inst3|lpm_mux:Mux1|mux_7qc:auto_generated|_~17             ; |block|sm_display:inst3|lpm_mux:Mux1|mux_7qc:auto_generated|_~17             ; out0             ;
; |block|sm_display:inst3|lpm_mux:Mux0|mux_7qc:auto_generated|_~2              ; |block|sm_display:inst3|lpm_mux:Mux0|mux_7qc:auto_generated|_~2              ; out0             ;
; |block|sm_display:inst3|lpm_mux:Mux0|mux_7qc:auto_generated|_~4              ; |block|sm_display:inst3|lpm_mux:Mux0|mux_7qc:auto_generated|_~4              ; out0             ;
; |block|sm_display:inst3|lpm_mux:Mux0|mux_7qc:auto_generated|_~5              ; |block|sm_display:inst3|lpm_mux:Mux0|mux_7qc:auto_generated|_~5              ; out0             ;
; |block|sm_display:inst3|lpm_mux:Mux0|mux_7qc:auto_generated|_~10             ; |block|sm_display:inst3|lpm_mux:Mux0|mux_7qc:auto_generated|_~10             ; out0             ;
; |block|sm_display:inst3|lpm_mux:Mux0|mux_7qc:auto_generated|_~12             ; |block|sm_display:inst3|lpm_mux:Mux0|mux_7qc:auto_generated|_~12             ; out0             ;
; |block|sm_display:inst3|lpm_mux:Mux0|mux_7qc:auto_generated|_~13             ; |block|sm_display:inst3|lpm_mux:Mux0|mux_7qc:auto_generated|_~13             ; out0             ;
; |block|sm_display:inst3|lpm_mux:Mux0|mux_7qc:auto_generated|_~17             ; |block|sm_display:inst3|lpm_mux:Mux0|mux_7qc:auto_generated|_~17             ; out0             ;
+------------------------------------------------------------------------------+------------------------------------------------------------------------------+------------------+


+---------------------+
; Simulator INI Usage ;
+--------+------------+
; Option ; Usage      ;
+--------+------------+


+--------------------+
; Simulator Messages ;
+--------------------+
Info: *******************************************************************
Info: Running Quartus II 64-Bit Simulator
    Info: Version 9.1 Build 350 03/24/2010 Service Pack 2 SJ Full Version
    Info: Processing started: Sun Jan 29 17:01:23 2023
Info: Command: quartus_sim --read_settings_files=on --write_settings_files=off mimasuo -c mimasuo
Info: Using vector source file "D:/VHDL/wave.vwf"
Info: Overwriting simulation input file with simulation results
    Info: A backup of wave.vwf called mimasuo.sim_ori.vwf has been created in the db folder
Info: Option to preserve fewer signal transitions to reduce memory requirements is enabled
    Info: Simulation has been partitioned into sub-simulations according to the maximum transition count determined by the engine. Transitions from memory will be flushed out to disk at the end of each sub-simulation to reduce memory requirements.
Info: Simulation partitioned into 1 sub-simulations
Info: Simulation coverage is      77.66 %
Info: Number of transitions in simulation is 590
Info: Vector file wave.vwf is saved in VWF text format. You can compress it into CVWF format in order to reduce file size. For more details please refer to the Quartus II Help.
Info: Quartus II 64-Bit Simulator was successful. 0 errors, 0 warnings
    Info: Peak virtual memory: 4306 megabytes
    Info: Processing ended: Sun Jan 29 17:01:23 2023
    Info: Elapsed time: 00:00:00
    Info: Total CPU time (on all processors): 00:00:00


